digraph mygraph {
  node [shape=box];
  "//app:main"
  "//app:main" -> "//app:main.cc"
  "//app:main" -> "//lib:math"
  "//app:main" -> "//lib:string_utils"
  "//app:main" -> "//utils:logger"
  "//app:main" -> "@bazel_tools//tools/cpp:malloc"
  "//app:main" -> "@bazel_tools//tools/cpp:link_extra_lib"
  "//app:main" -> "@bazel_tools//tools/cpp:current_cc_toolchain"
  "//app:main" -> "@bazel_tools//tools/def_parser:def_parser"
  "//app:main" -> "@bazel_tools//tools/cpp:toolchain_type"
  "//utils:logger"
  "//utils:logger" -> "//utils:logger.cc\n//utils:logger.h"
  "//utils:logger" -> "@bazel_tools//tools/cpp:toolchain_type"
  "//utils:logger" -> "@bazel_tools//tools/cpp:current_cc_toolchain"
  "//utils:logger" -> "@bazel_tools//tools/def_parser:def_parser"
  "//lib:string_utils"
  "//lib:string_utils" -> "//lib:string_utils.h\n//lib:string_utils.cc"
  "//lib:string_utils" -> "@bazel_tools//tools/cpp:toolchain_type"
  "//lib:string_utils" -> "@bazel_tools//tools/cpp:current_cc_toolchain"
  "//lib:string_utils" -> "@bazel_tools//tools/def_parser:def_parser"
  "//lib:math"
  "//lib:math" -> "//lib:math.h\n//lib:math.cc"
  "//lib:math" -> "@bazel_tools//tools/cpp:toolchain_type"
  "//lib:math" -> "@bazel_tools//tools/cpp:current_cc_toolchain"
  "//lib:math" -> "@bazel_tools//tools/def_parser:def_parser"
  "//lib:math.h\n//lib:math.cc"
  "@bazel_tools//tools/def_parser:def_parser"
  "@bazel_tools//tools/def_parser:def_parser" -> "@bazel_tools//tools/def_parser:no_op.bat"
  [label="//conditions:default"];
  "@bazel_tools//tools/def_parser:def_parser" -> "@bazel_tools//third_party/def_parser:def_parser"
  [label="@@platforms//os:windows"];
  "@bazel_tools//tools/def_parser:def_parser" -> "@@platforms//os:windows"
  "@@platforms//os:windows"
  "@@platforms//os:windows" -> "@@platforms//os:os"
  "@@platforms//os:os"
  "//utils:logger.cc\n//utils:logger.h"
  "@bazel_tools//tools/def_parser:no_op.bat"
  "@bazel_tools//third_party/def_parser:def_parser"
  "@bazel_tools//third_party/def_parser:def_parser" -> "@bazel_tools//third_party/def_parser:def_parser_main.cc"
  "@bazel_tools//third_party/def_parser:def_parser" -> "@bazel_tools//third_party/def_parser:def_parser_lib"
  "@bazel_tools//third_party/def_parser:def_parser" -> "@bazel_tools//tools/cpp:toolchain_type"
  "@bazel_tools//third_party/def_parser:def_parser" -> "@bazel_tools//tools/cpp:current_cc_toolchain"
  "@bazel_tools//third_party/def_parser:def_parser" -> "@bazel_tools//tools/cpp:link_extra_lib"
  "@bazel_tools//third_party/def_parser:def_parser" -> "@bazel_tools//tools/cpp:malloc"
  "@bazel_tools//tools/cpp:malloc"
  "@bazel_tools//tools/cpp:malloc" -> "@bazel_tools//tools/cpp:current_cc_toolchain"
  "@bazel_tools//tools/cpp:malloc" -> "@bazel_tools//tools/cpp:toolchain_type"
  "@bazel_tools//tools/cpp:link_extra_lib"
  "@bazel_tools//tools/cpp:link_extra_lib" -> "@bazel_tools//tools/cpp:link_extra_libs"
  "@bazel_tools//tools/cpp:link_extra_lib" -> "@bazel_tools//tools/cpp:current_cc_toolchain"
  "@bazel_tools//tools/cpp:link_extra_lib" -> "@bazel_tools//tools/cpp:toolchain_type"
  "@bazel_tools//tools/cpp:link_extra_libs"
  "@bazel_tools//tools/cpp:link_extra_libs" -> "@bazel_tools//tools/cpp:empty_lib"
  "@bazel_tools//tools/cpp:empty_lib"
  "@bazel_tools//tools/cpp:empty_lib" -> "@bazel_tools//tools/cpp:current_cc_toolchain"
  "@bazel_tools//tools/cpp:empty_lib" -> "@bazel_tools//tools/cpp:toolchain_type"
  "@bazel_tools//third_party/def_parser:def_parser_main.cc"
  "//app:main.cc"
  "@bazel_tools//third_party/def_parser:def_parser_lib"
  "@bazel_tools//third_party/def_parser:def_parser_lib" -> "@bazel_tools//third_party/def_parser:def_parser.cc\n@bazel_tools//third_party/def_parser:def_parser.h"
  "@bazel_tools//third_party/def_parser:def_parser_lib" -> "@bazel_tools//tools/cpp:toolchain_type"
  "@bazel_tools//third_party/def_parser:def_parser_lib" -> "@bazel_tools//tools/cpp:current_cc_toolchain"
  "@bazel_tools//tools/cpp:current_cc_toolchain"
  "@bazel_tools//tools/cpp:current_cc_toolchain" -> "@@rules_cc+//cc:current_cc_toolchain"
  "@@rules_cc+//cc:current_cc_toolchain"
  "@@rules_cc+//cc:current_cc_toolchain" -> "@bazel_tools//tools/cpp:toolchain_type"
  "@bazel_tools//tools/cpp:toolchain_type"
  "@bazel_tools//third_party/def_parser:def_parser.cc\n@bazel_tools//third_party/def_parser:def_parser.h"
  "//lib:string_utils.h\n//lib:string_utils.cc"
}
